<?xml version="1.0" encoding="UTF-8"?>
<robot generator="Robot 7.2.2 (Python 3.13.3 on win32)" generated="2025-08-07T15:16:33.753082" rpa="false" schemaversion="5">
<suite id="s1" name="Looma Tests" source="C:\Users\MARIAMA\Desktop\Master1_GL\QA_Test\Examen_QATEST\LAB4\testcases\looma_tests.robot">
<test id="s1-t1" name="Test Authentification" line="8">
<kw name="Démarrer l'application" owner="looma_keywords">
<kw name="Open Application" owner="AppiumLibrary">
<arg>${REMOTE_URL}</arg>
<arg>platformName=${PLATFORM_NAME}</arg>
<arg>deviceName=${DEVICE_NAME}</arg>
<arg>automationName=${AUTOMATION_NAME}</arg>
<arg>appPackage=${APP_PACKAGE}</arg>
<arg>appActivity=${APP_ACTIVITY}</arg>
<arg>noReset=true</arg>
<doc>Opens a new application to given Appium server.
Capabilities of appium server, Android and iOS,
Please check https://appium.io/docs/en/2.1/cli/args/
| *Option*            | *Man.* | *Description*     |
| remote_url          | Yes    | Appium server url |
| alias               | no     | alias             |
| strict_ssl          | No     | allows you to send commands to an invalid certificate host like a self-signed one. |</doc>
<status status="PASS" start="2025-08-07T15:16:34.426576" elapsed="34.434842"/>
</kw>
<status status="PASS" start="2025-08-07T15:16:34.424856" elapsed="34.437045"/>
</kw>
<kw name="Se connecter" owner="looma_keywords">
<kw name="Click Element" owner="AppiumLibrary">
<msg time="2025-08-07T15:17:08.866328" level="INFO">Clicking element 'android=new UiSelector().className("android.widget.EditText").instance(0)'.</msg>
<arg>android=new UiSelector().className("android.widget.EditText").instance(0)</arg>
<doc>Click element identified by `locator`.</doc>
<status status="PASS" start="2025-08-07T15:17:08.863610" elapsed="2.150226"/>
</kw>
<kw name="Input Text" owner="AppiumLibrary">
<msg time="2025-08-07T15:17:11.016873" level="INFO">Typing text 'johnd' into text field 'android=new UiSelector().className("android.widget.EditText").instance(0)'</msg>
<arg>android=new UiSelector().className("android.widget.EditText").instance(0)</arg>
<arg>${USERNAME}</arg>
<doc>Types the given `text` into text field identified by `locator`.</doc>
<status status="PASS" start="2025-08-07T15:17:11.014148" elapsed="0.796247"/>
</kw>
<kw name="Click Element" owner="AppiumLibrary">
<msg time="2025-08-07T15:17:11.813202" level="INFO">Clicking element 'android=new UiSelector().className("android.widget.EditText").instance(1)'.</msg>
<arg>android=new UiSelector().className("android.widget.EditText").instance(1)</arg>
<doc>Click element identified by `locator`.</doc>
<status status="PASS" start="2025-08-07T15:17:11.810765" elapsed="0.782325"/>
</kw>
<kw name="Input Text" owner="AppiumLibrary">
<msg time="2025-08-07T15:17:12.596314" level="INFO">Typing text 'm38rmF$' into text field 'android=new UiSelector().className("android.widget.EditText").instance(1)'</msg>
<arg>android=new UiSelector().className("android.widget.EditText").instance(1)</arg>
<arg>${PASSWORD}</arg>
<doc>Types the given `text` into text field identified by `locator`.</doc>
<status status="PASS" start="2025-08-07T15:17:12.593512" elapsed="0.815816"/>
</kw>
<kw name="Sleep" owner="BuiltIn">
<msg time="2025-08-07T15:17:14.410976" level="INFO">Slept 1 second.</msg>
<arg>1s</arg>
<doc>Pauses the test executed for the given time.</doc>
<status status="PASS" start="2025-08-07T15:17:13.409706" elapsed="1.001623"/>
</kw>
<kw name="Click Element" owner="AppiumLibrary">
<msg time="2025-08-07T15:17:14.415262" level="INFO">Clicking element 'accessibility_id=Se connecter'.</msg>
<arg>accessibility_id=Se connecter</arg>
<doc>Click element identified by `locator`.</doc>
<status status="PASS" start="2025-08-07T15:17:14.411819" elapsed="1.725875"/>
</kw>
<status status="PASS" start="2025-08-07T15:17:08.862911" elapsed="7.275018"/>
</kw>
<kw name="Fermer l'application" owner="looma_keywords">
<kw name="Close Application" owner="AppiumLibrary">
<doc>Closes the current application and also close webdriver session.</doc>
<status status="PASS" start="2025-08-07T15:17:16.139102" elapsed="1.903846"/>
</kw>
<status status="PASS" start="2025-08-07T15:17:16.138578" elapsed="1.904646"/>
</kw>
<status status="PASS" start="2025-08-07T15:16:34.423059" elapsed="43.621050"/>
</test>
<status status="PASS" start="2025-08-07T15:16:33.755435" elapsed="44.290712"/>
</suite>
<statistics>
<total>
<stat pass="1" fail="0" skip="0">All Tests</stat>
</total>
<tag>
</tag>
<suite>
<stat name="Looma Tests" id="s1" pass="1" fail="0" skip="0">Looma Tests</stat>
</suite>
</statistics>
<errors>
</errors>
</robot>
